<?xml version="1.0" encoding="UTF-8"?>
<testsuite name="RecipeTest" tests="12" skipped="0" failures="0" errors="0" timestamp="2016-05-11T17:34:46" hostname="epicodus-31.local" time="0.17">
  <properties/>
  <testcase name="save_savesObjectIntoDatabase_true" classname="RecipeTest" time="0.014"/>
  <testcase name="delete_deletesAllRecipesAndCategoriesAssociations" classname="RecipeTest" time="0.026"/>
  <testcase name="find_findsRecipeInDatabase_true" classname="RecipeTest" time="0.013"/>
  <testcase name="getCategories_returnsAllCategories_List" classname="RecipeTest" time="0.021"/>
  <testcase name="delete_deletesRecipe_true" classname="RecipeTest" time="0.018"/>
  <testcase name="equals_returnsTrueIfTitlesAretheSame_true" classname="RecipeTest" time="0.005"/>
  <testcase name="all_emptyAtFirst_0" classname="RecipeTest" time="0.007"/>
  <testcase name="getTitle_recipeInstantiatesWithTitle_String" classname="RecipeTest" time="0.004"/>
  <testcase name="update_updatesRecipeTitle_true" classname="RecipeTest" time="0.018"/>
  <testcase name="save_assignsIdToObject_int" classname="RecipeTest" time="0.014"/>
  <testcase name="addCategory_addsCategoryToRecipe" classname="RecipeTest" time="0.023"/>
  <testcase name="Recipe_instantiatesCorrectly_true" classname="RecipeTest" time="0.004"/>
  <system-out><![CDATA[]]></system-out>
  <system-err><![CDATA[]]></system-err>
</testsuite>
